Determining if the pthread_create exist failed with the following output:
Change Dir: /home/lauro199471/catkin_ws/build/catkin_tools_prebuild/CMakeFiles/CMakeTmp

Run Build Command:"/usr/bin/make" "cmTC_7c526/fast"
/usr/bin/make -f CMakeFiles/cmTC_7c526.dir/build.make CMakeFiles/cmTC_7c526.dir/build
make[1]: Entering directory '/home/lauro199471/catkin_ws/build/catkin_tools_prebuild/CMakeFiles/CMakeTmp'
Building C object CMakeFiles/cmTC_7c526.dir/CheckSymbolExists.c.o
/usr/bin/cc     -o CMakeFiles/cmTC_7c526.dir/CheckSymbolExists.c.o   -c /home/lauro199471/catkin_ws/build/catkin_tools_prebuild/CMakeFiles/CMakeTmp/CheckSymbolExists.c
Linking C executable cmTC_7c526
/usr/bin/cmake -E cmake_link_script CMakeFiles/cmTC_7c526.dir/link.txt --verbose=1
/usr/bin/cc       CMakeFiles/cmTC_7c526.dir/CheckSymbolExists.c.o  -o cmTC_7c526 -rdynamic 
CMakeFiles/cmTC_7c526.dir/CheckSymbolExists.c.o: In function `main':
CheckSymbolExists.c:(.text+0x16): undefined reference to `pthread_create'
collect2: error: ld returned 1 exit status
CMakeFiles/cmTC_7c526.dir/build.make:97: recipe for target 'cmTC_7c526' failed
make[1]: *** [cmTC_7c526] Error 1
make[1]: Leaving directory '/home/lauro199471/catkin_ws/build/catkin_tools_prebuild/CMakeFiles/CMakeTmp'
Makefile:126: recipe for target 'cmTC_7c526/fast' failed
make: *** [cmTC_7c526/fast] Error 2

File /home/lauro199471/catkin_ws/build/catkin_tools_prebuild/CMakeFiles/CMakeTmp/CheckSymbolExists.c:
/* */
#include <pthread.h>

int main(int argc, char** argv)
{
  (void)argv;
#ifndef pthread_create
  return ((int*)(&pthread_create))[argc];
#else
  (void)argc;
  return 0;
#endif
}

Determining if the function pthread_create exists in the pthreads failed with the following output:
Change Dir: /home/lauro199471/catkin_ws/build/catkin_tools_prebuild/CMakeFiles/CMakeTmp

Run Build Command:"/usr/bin/make" "cmTC_e2791/fast"
/usr/bin/make -f CMakeFiles/cmTC_e2791.dir/build.make CMakeFiles/cmTC_e2791.dir/build
make[1]: Entering directory '/home/lauro199471/catkin_ws/build/catkin_tools_prebuild/CMakeFiles/CMakeTmp'
Building C object CMakeFiles/cmTC_e2791.dir/CheckFunctionExists.c.o
/usr/bin/cc    -DCHECK_FUNCTION_EXISTS=pthread_create   -o CMakeFiles/cmTC_e2791.dir/CheckFunctionExists.c.o   -c /usr/share/cmake-3.5/Modules/CheckFunctionExists.c
Linking C executable cmTC_e2791
/usr/bin/cmake -E cmake_link_script CMakeFiles/cmTC_e2791.dir/link.txt --verbose=1
/usr/bin/cc   -DCHECK_FUNCTION_EXISTS=pthread_create    CMakeFiles/cmTC_e2791.dir/CheckFunctionExists.c.o  -o cmTC_e2791 -rdynamic -lpthreads 
/usr/bin/ld: cannot find -lpthreads
collect2: error: ld returned 1 exit status
CMakeFiles/cmTC_e2791.dir/build.make:97: recipe for target 'cmTC_e2791' failed
make[1]: *** [cmTC_e2791] Error 1
make[1]: Leaving directory '/home/lauro199471/catkin_ws/build/catkin_tools_prebuild/CMakeFiles/CMakeTmp'
Makefile:126: recipe for target 'cmTC_e2791/fast' failed
make: *** [cmTC_e2791/fast] Error 2


