Determining if the pthread_create exist failed with the following output:
Change Dir: /home/lauro199471/catkin_ws/build/minimal_nodes/CMakeFiles/CMakeTmp

Run Build Command:"/usr/bin/make" "cmTC_e9606/fast"
/usr/bin/make -f CMakeFiles/cmTC_e9606.dir/build.make CMakeFiles/cmTC_e9606.dir/build
make[1]: Entering directory '/home/lauro199471/catkin_ws/build/minimal_nodes/CMakeFiles/CMakeTmp'
Building C object CMakeFiles/cmTC_e9606.dir/CheckSymbolExists.c.o
/usr/bin/cc     -o CMakeFiles/cmTC_e9606.dir/CheckSymbolExists.c.o   -c /home/lauro199471/catkin_ws/build/minimal_nodes/CMakeFiles/CMakeTmp/CheckSymbolExists.c
Linking C executable cmTC_e9606
/usr/bin/cmake -E cmake_link_script CMakeFiles/cmTC_e9606.dir/link.txt --verbose=1
/usr/bin/cc       CMakeFiles/cmTC_e9606.dir/CheckSymbolExists.c.o  -o cmTC_e9606 -rdynamic 
CMakeFiles/cmTC_e9606.dir/CheckSymbolExists.c.o: In function `main':
CheckSymbolExists.c:(.text+0x16): undefined reference to `pthread_create'
collect2: error: ld returned 1 exit status
CMakeFiles/cmTC_e9606.dir/build.make:97: recipe for target 'cmTC_e9606' failed
make[1]: *** [cmTC_e9606] Error 1
make[1]: Leaving directory '/home/lauro199471/catkin_ws/build/minimal_nodes/CMakeFiles/CMakeTmp'
Makefile:126: recipe for target 'cmTC_e9606/fast' failed
make: *** [cmTC_e9606/fast] Error 2

File /home/lauro199471/catkin_ws/build/minimal_nodes/CMakeFiles/CMakeTmp/CheckSymbolExists.c:
/* */
#include <pthread.h>

int main(int argc, char** argv)
{
  (void)argv;
#ifndef pthread_create
  return ((int*)(&pthread_create))[argc];
#else
  (void)argc;
  return 0;
#endif
}

Determining if the function pthread_create exists in the pthreads failed with the following output:
Change Dir: /home/lauro199471/catkin_ws/build/minimal_nodes/CMakeFiles/CMakeTmp

Run Build Command:"/usr/bin/make" "cmTC_063da/fast"
/usr/bin/make -f CMakeFiles/cmTC_063da.dir/build.make CMakeFiles/cmTC_063da.dir/build
make[1]: Entering directory '/home/lauro199471/catkin_ws/build/minimal_nodes/CMakeFiles/CMakeTmp'
Building C object CMakeFiles/cmTC_063da.dir/CheckFunctionExists.c.o
/usr/bin/cc    -DCHECK_FUNCTION_EXISTS=pthread_create   -o CMakeFiles/cmTC_063da.dir/CheckFunctionExists.c.o   -c /usr/share/cmake-3.5/Modules/CheckFunctionExists.c
Linking C executable cmTC_063da
/usr/bin/cmake -E cmake_link_script CMakeFiles/cmTC_063da.dir/link.txt --verbose=1
/usr/bin/cc   -DCHECK_FUNCTION_EXISTS=pthread_create    CMakeFiles/cmTC_063da.dir/CheckFunctionExists.c.o  -o cmTC_063da -rdynamic -lpthreads 
/usr/bin/ld: cannot find -lpthreads
collect2: error: ld returned 1 exit status
CMakeFiles/cmTC_063da.dir/build.make:97: recipe for target 'cmTC_063da' failed
make[1]: *** [cmTC_063da] Error 1
make[1]: Leaving directory '/home/lauro199471/catkin_ws/build/minimal_nodes/CMakeFiles/CMakeTmp'
Makefile:126: recipe for target 'cmTC_063da/fast' failed
make: *** [cmTC_063da/fast] Error 2


