[35m[1mScanning dependencies of target minimal_subscriber[0m
[ 14%] Built target xbox_to_pwm
[ 28%] Built target minimal_wiringPi
[ 35%] [32mBuilding CXX object CMakeFiles/minimal_subscriber.dir/src/minimal_subscriber.cpp.o[0m
[ 50%] Built target minimal_simulator
[01m[Kcc1plus:[m[K [01;35m[Kwarning: [m[K/usr/local/lib/libwiringPi.so: not a directory
[ 78%] Built target minimal_pwm
[ 78%] Built target minimal_publisher
[ 92%] Built target minimal_controller
[01m[K/home/lauro199471/catkin_ws/src/minimal_nodes/src/minimal_subscriber.cpp:[m[K In function ‘[01m[Kvoid myCallback(const UInt16&)[m[K’:
[01m[K/home/lauro199471/catkin_ws/src/minimal_nodes/src/minimal_subscriber.cpp:13:3:[m[K [01;31m[Kerror: [m[K‘[01m[Kcout[m[K’ was not declared in this scope
   cout << "Recieved: " << message_holder.data << endl;
[01;32m[K   ^[m[K
[01m[K/home/lauro199471/catkin_ws/src/minimal_nodes/src/minimal_subscriber.cpp:13:3:[m[K [01;36m[Knote: [m[Ksuggested alternative:
In file included from [01m[K/opt/ros/kinetic/include/ros/time.h:54:0[m[K,
                 from [01m[K/opt/ros/kinetic/include/ros/ros.h:38[m[K,
                 from [01m[K/home/lauro199471/catkin_ws/src/minimal_nodes/src/minimal_subscriber.cpp:1[m[K:
[01m[K/usr/include/c++/5/iostream:61:18:[m[K [01;36m[Knote: [m[K  ‘[01m[Kstd::cout[m[K’
   extern ostream cout;  /// Linked to standard output
[01;32m[K                  ^[m[K
[01m[K/home/lauro199471/catkin_ws/src/minimal_nodes/src/minimal_subscriber.cpp:13:50:[m[K [01;31m[Kerror: [m[K‘[01m[Kendl[m[K’ was not declared in this scope
   cout << "Recieved: " << message_holder.data << endl;
[01;32m[K                                                  ^[m[K
[01m[K/home/lauro199471/catkin_ws/src/minimal_nodes/src/minimal_subscriber.cpp:13:50:[m[K [01;36m[Knote: [m[Ksuggested alternative:
In file included from [01m[K/usr/include/c++/5/iostream:39:0[m[K,
                 from [01m[K/opt/ros/kinetic/include/ros/time.h:54[m[K,
                 from [01m[K/opt/ros/kinetic/include/ros/ros.h:38[m[K,
                 from [01m[K/home/lauro199471/catkin_ws/src/minimal_nodes/src/minimal_subscriber.cpp:1[m[K:
[01m[K/usr/include/c++/5/ostream:590:5:[m[K [01;36m[Knote: [m[K  ‘[01m[Kstd::endl[m[K’
     endl(basic_ostream<_CharT, _Traits>& __os)
[01;32m[K     ^[m[K
CMakeFiles/minimal_subscriber.dir/build.make:62: recipe for target 'CMakeFiles/minimal_subscriber.dir/src/minimal_subscriber.cpp.o' failed
make[2]: *** [CMakeFiles/minimal_subscriber.dir/src/minimal_subscriber.cpp.o] Error 1
CMakeFiles/Makefile2:929: recipe for target 'CMakeFiles/minimal_subscriber.dir/all' failed
make[1]: *** [CMakeFiles/minimal_subscriber.dir/all] Error 2
Makefile:138: recipe for target 'all' failed
make: *** [all] Error 2
