[35m[1mScanning dependencies of target minimal_pwm[0m
[ 14%] Built target minimal_publisher
[ 28%] Built target minimal_wiringPi
[ 35%] [32m[1mLinking CXX executable xbox_to_pwm[0m
[ 50%] Built target minimal_simulator
[ 57%] [32mBuilding CXX object CMakeFiles/minimal_pwm.dir/src/minimal_pwm.cpp.o[0m
[ 71%] Built target minimal_subscriber
[ 85%] Built target minimal_controller
[01m[Kcc1plus:[m[K [01;35m[Kwarning: [m[K/usr/local/lib/libwiringPi.so: not a directory
/usr/lib/gcc/x86_64-linux-gnu/5/../../../x86_64-linux-gnu/crt1.o: In function `_start':
(.text+0x20): undefined reference to `main'
collect2: error: ld returned 1 exit status
CMakeFiles/xbox_to_pwm.dir/build.make:114: recipe for target 'xbox_to_pwm' failed
make[2]: *** [xbox_to_pwm] Error 1
CMakeFiles/Makefile2:67: recipe for target 'CMakeFiles/xbox_to_pwm.dir/all' failed
make[1]: *** [CMakeFiles/xbox_to_pwm.dir/all] Error 2
make[1]: *** Waiting for unfinished jobs....
[ 92%] [32m[1mLinking CXX executable minimal_pwm[0m
[ 92%] Built target minimal_pwm
Makefile:138: recipe for target 'all' failed
make: *** [all] Error 2
