[35m[1mScanning dependencies of target minimal_pwm[0m
[ 14%] Built target minimal_subscriber
[ 28%] Built target minimal_controller
[ 42%] Built target minimal_simulator
[ 57%] Built target minimal_publisher
[ 71%] Built target minimal_wiringPi
[ 78%] [32mBuilding CXX object CMakeFiles/minimal_pwm.dir/src/minimal_pwm.cpp.o[0m
[01m[Kcc1plus:[m[K [01;35m[Kwarning: [m[K/usr/local/lib/libwiringPi.so: not a directory
[ 92%] Built target xbox_to_pwm
[100%] [32m[1mLinking CXX executable minimal_pwm[0m
/usr/local/lib/libwiringPi.so: undefined reference to `crypt'
/usr/local/lib/libwiringPi.so: undefined reference to `pthread_join'
/usr/local/lib/libwiringPi.so: undefined reference to `pthread_create'
/usr/local/lib/libwiringPi.so: undefined reference to `shm_open'
/usr/local/lib/libwiringPi.so: undefined reference to `pthread_cancel'
collect2: error: ld returned 1 exit status
CMakeFiles/minimal_pwm.dir/build.make:114: recipe for target 'minimal_pwm' failed
make[2]: *** [minimal_pwm] Error 1
make[1]: *** [CMakeFiles/minimal_pwm.dir/all] Error 2
CMakeFiles/Makefile2:104: recipe for target 'CMakeFiles/minimal_pwm.dir/all' failed
Makefile:138: recipe for target 'all' failed
make: *** [all] Error 2
